C51 COMPILER V9.01   DELAY                                                                 11/11/2017 16:16:54 PAGE 1   


C51 COMPILER V9.01, COMPILATION OF MODULE DELAY
OBJECT MODULE PLACED IN .\delay.obj
COMPILER INVOKED BY: F:\Keil\keil5\C51\BIN\C51.EXE ..\Delay\delay.c OPTIMIZE(8,SPEED) BROWSE INCDIR(..\12864;..\Delay;..
                    -\Main;..\NRF24L01;..\Usart;..\OLED) DEBUG OBJECTEXTEND PRINT(.\delay.lst) OBJECT(.\delay.obj)

line level    source

   1          /***************************************************
   2          *作者：（引用何清松学长程序）
   3          *时间：2016-4-15
   4          *功能：延时函数汇总
   5          *邮箱：1021961582@qq.com
   6          ***************************************************/
   7          #include <reg51.h>
   8          #include "intrins.h"
   9          #include "delay.h" 
  10          
  11          
  12          /***************************************************
  13          *函数名称：void delay_ms(void)
  14          *输入参数：无
  15          *返回值：无
  16          *功能：1ms延时
  17          *时间：2016-4-15
  18          *使用：delay_ms();
  19          ***************************************************/
  20          void delayms(void)              //@11.0592MHz
  21          {
  22   1              unsigned char i,j;
  23   1              _nop_();
  24   1              _nop_();
  25   1              _nop_();
  26   1              i = 11;
  27   1              j = 190;
  28   1              do
  29   1              {
  30   2                      while (--j);
  31   2              } 
  32   1              while (--i);
  33   1      }
  34          
  35          void delay_ms(unsigned int time)
  36          {
  37   1              unsigned int i;
  38   1              for(i=0;i<time;i++)
  39   1                      delayms();
  40   1      }
  41          /**************************************************
  42          *函数名称：void delay_us(void)
  43          *输入参数：无
  44          *返回值：无
  45          *功能：1us延时
  46          *时间：2016-4-15
  47          *使用：delay_us();
  48          **************************************************/
  49          void delayus(void)              //@11.0592MHz
  50          {
  51   1              _nop_();
  52   1              _nop_();
  53   1              _nop_();
  54   1      }
C51 COMPILER V9.01   DELAY                                                                 11/11/2017 16:16:54 PAGE 2   

  55          
  56          void delay_us(unsigned int time)
  57          {
  58   1              unsigned int i;
  59   1              for(i=0;i<time;i++)
  60   1                      delayus();
  61   1      }
  62          /****************************************************** 
  63          *函数名称：void delay_s(void)
  64          *输入参加：无
  65          *返回值：无
  66          *功能：1us延时
  67          *时间：2016-4-15
  68          *使用：delay_us();
  69          ******************************************************/
  70          void delay_s(void)              //@11.0592MHz
  71          {
  72   1              unsigned char i, j, k;
  73   1              _nop_();
  74   1              _nop_();
  75   1              i = 43;
  76   1              j = 6;
  77   1              k = 203;
  78   1              do
  79   1              {
  80   2                      do
  81   2                      {
  82   3                              while (--k);
  83   3                      }       while (--j);
  84   2              } 
  85   1              while (--i);
  86   1      }
  87          
  88          
  89          
  90          
  91          
  92          
  93          
  94          
  95          
  96          
  97          
  98          


MODULE INFORMATION:   STATIC OVERLAYABLE
   CODE SIZE        =     77    ----
   CONSTANT SIZE    =   ----    ----
   XDATA SIZE       =   ----    ----
   PDATA SIZE       =   ----    ----
   DATA SIZE        =   ----    ----
   IDATA SIZE       =   ----    ----
   BIT SIZE         =   ----    ----
END OF MODULE INFORMATION.


C51 COMPILATION COMPLETE.  0 WARNING(S),  0 ERROR(S)
