C51 COMPILER V9.01   USART                                                                 11/14/2017 12:31:43 PAGE 1   


C51 COMPILER V9.01, COMPILATION OF MODULE USART
OBJECT MODULE PLACED IN .\Usart.obj
COMPILER INVOKED BY: F:\Keil\keil5\C51\BIN\C51.EXE ..\Usart\Usart.c OPTIMIZE(8,SPEED) BROWSE INCDIR(..\12864;..\Delay;..
                    -\Main;..\NRF24L01;..\Usart;..\OLED) DEBUG OBJECTEXTEND PRINT(.\Usart.lst) OBJECT(.\Usart.obj)

line level    source

   1          #include<reg52.h>
   2          #include "delay.h"
   3          
   4          void Init_Usart(void)
   5          {
   6   1          SCON  = 0x50;                       // SCON: 模式 1, 8-bit UART, 使能接收  
   7   1          TMOD |= 0x20;               // TMOD: timer 1, mode 2, 8-bit 重装
   8   1          TH1   = 0xFD;               // TH1:  重装值 9600 波特率 晶振 11.0592MHz  
   9   1          TR1   = 1;                  // TR1:  timer 1 打开                         
  10   1          EA    = 1;                  //打开总中断
  11   1          //ES    = 1;                  //打开串口中断
  12   1      }    
  13          
  14          void SendByte(unsigned char dat)
  15          {
  16   1       SBUF = dat;
  17   1       while(!TI);
  18   1       TI = 0;
  19   1      }
  20          
  21          
  22          void Send_Data(unsigned char i)
  23          {
  24   1       SendByte(i);
  25   1       delay_s();
  26   1      }        


MODULE INFORMATION:   STATIC OVERLAYABLE
   CODE SIZE        =     28    ----
   CONSTANT SIZE    =   ----    ----
   XDATA SIZE       =   ----    ----
   PDATA SIZE       =   ----    ----
   DATA SIZE        =   ----    ----
   IDATA SIZE       =   ----    ----
   BIT SIZE         =   ----    ----
END OF MODULE INFORMATION.


C51 COMPILATION COMPLETE.  0 WARNING(S),  0 ERROR(S)
