C51 COMPILER V9.01   MAIN                                                                  04/04/2017 16:32:33 PAGE 1   


C51 COMPILER V9.01, COMPILATION OF MODULE MAIN
OBJECT MODULE PLACED IN .\main.obj
COMPILER INVOKED BY: F:\Keil4\C51\BIN\C51.EXE ..\MAIN\main.c BROWSE INCDIR(..\AD;..\MAIN;..\DELAY;..\Usart;..\NRF24L01) 
                    -DEBUG OBJECTEXTEND PRINT(.\main.lst) OBJECT(.\main.obj)

line level    source

   1          #include <reg52.h>
   2          #include "AD.H"
   3          #include "Delay.h" 
   4          #include "nrf2401.h"
   5          #include "Usart.h"
   6          
   7          unsigned char TXD_Date[4]; //NRF24L01发送的数据
   8          
   9          void main(void)
  10          {
  11   1              Init_Usart();
  12   1              NRF24L01Int();//2401初始化
  13   1              P0=0x00;
  14   1              while(1)                     
  15   1              {       
  16   2                      Test();
  17   2                      TXD_Date[0]=Send_Advalue();     
  18   2                      TXD_Date[1]=21;
  19   2                      TXD_Date[2]=22;
  20   2                      TXD_Date[3]=23;
  21   2                      SendByte(TXD_Date[0]);
  22   2                      CheckACK();
  23   2                      NRFSetTxMode(TXD_Date);//发送数据                
  24   2              }
  25   1      }


MODULE INFORMATION:   STATIC OVERLAYABLE
   CODE SIZE        =     43    ----
   CONSTANT SIZE    =   ----    ----
   XDATA SIZE       =   ----    ----
   PDATA SIZE       =   ----    ----
   DATA SIZE        =      4    ----
   IDATA SIZE       =   ----    ----
   BIT SIZE         =   ----    ----
END OF MODULE INFORMATION.


C51 COMPILATION COMPLETE.  0 WARNING(S),  0 ERROR(S)
