C51 COMPILER V9.01   USART                                                                 04/04/2017 16:32:33 PAGE 1   


C51 COMPILER V9.01, COMPILATION OF MODULE USART
OBJECT MODULE PLACED IN .\Usart.obj
COMPILER INVOKED BY: F:\Keil4\C51\BIN\C51.EXE ..\Usart\Usart.c BROWSE INCDIR(..\AD;..\MAIN;..\DELAY;..\Usart;..\NRF24L01
                    -) DEBUG OBJECTEXTEND PRINT(.\Usart.lst) OBJECT(.\Usart.obj)

line level    source

   1          #include<reg52.h>
   2          
   3          void Init_Usart(void)
   4          {
   5   1          SCON  = 0x50;                       // SCON: 模式 1, 8-bit UART, 使能接收  
   6   1          TMOD |= 0x20;               // TMOD: timer 1, mode 2, 8-bit 重装
   7   1          TH1   = 0xFD;               // TH1:  重装值 9600 波特率 晶振 11.0592MHz  
   8   1          TR1   = 1;                  // TR1:  timer 1 打开                         
   9   1          EA    = 1;                  //打开总中断
  10   1          //ES    = 1;                  //打开串口中断
  11   1      }    
  12          
  13          void SendByte(unsigned char dat)
  14          {
  15   1       SBUF = dat;
  16   1       while(!TI);
  17   1       TI = 0;
  18   1      }        


MODULE INFORMATION:   STATIC OVERLAYABLE
   CODE SIZE        =     22    ----
   CONSTANT SIZE    =   ----    ----
   XDATA SIZE       =   ----    ----
   PDATA SIZE       =   ----    ----
   DATA SIZE        =   ----    ----
   IDATA SIZE       =   ----    ----
   BIT SIZE         =   ----    ----
END OF MODULE INFORMATION.


C51 COMPILATION COMPLETE.  0 WARNING(S),  0 ERROR(S)
